#
# There is insufficient memory for the Java Runtime Environment to continue.
# Native memory allocation (mmap) failed to map 321388544 bytes for committing reserved memory.
# Possible reasons:
#   The system is out of physical RAM or swap space
#   In 32 bit mode, the process size limit was hit
# Possible solutions:
#   Reduce memory load on the system
#   Increase physical memory or swap space
#   Check if swap backing store is full
#   Use 64 bit Java on a 64 bit OS
#   Decrease Java heap size (-Xmx/-Xms)
#   Decrease number of Java threads
#   Decrease Java thread stack sizes (-Xss)
#   Set larger code cache with -XX:ReservedCodeCacheSize=
# This output file may be truncated or incomplete.
#
#  Out of Memory Error (os_linux.cpp:2640), pid=12003, tid=0x00007efd478f8700
#
# JRE version: Java(TM) SE Runtime Environment (8.0_131-b11) (build 1.8.0_131-b11)
# Java VM: Java HotSpot(TM) 64-Bit Server VM (25.131-b11 mixed mode linux-amd64 compressed oops)
# Failed to write core dump. Core dumps have been disabled. To enable core dumping, try "ulimit -c unlimited" before starting Java again
#

---------------  T H R E A D  ---------------

Current thread (0x00007efd64077800):  VMThread [stack: 0x00007efd477f8000,0x00007efd478f9000] [id=12009]

Stack: [0x00007efd477f8000,0x00007efd478f9000],  sp=0x00007efd478f7020,  free space=1020k
Native frames: (J=compiled Java code, j=interpreted, Vv=VM code, C=native code)
V  [libjvm.so+0xac826a]  VMError::report_and_die()+0x2ba
V  [libjvm.so+0x4fd4cb]  report_vm_out_of_memory(char const*, int, unsigned long, VMErrorType, char const*)+0x8b
V  [libjvm.so+0x924f53]  os::Linux::commit_memory_impl(char*, unsigned long, bool)+0x103
V  [libjvm.so+0x9254a9]  os::pd_commit_memory(char*, unsigned long, unsigned long, bool)+0x29
V  [libjvm.so+0x91f6ca]  os::commit_memory(char*, unsigned long, unsigned long, bool)+0x2a
V  [libjvm.so+0x9941e3]  PSVirtualSpace::expand_by(unsigned long)+0x53
V  [libjvm.so+0x984aa0]  PSOldGen::expand(unsigned long)+0x170
V  [libjvm.so+0x984cab]  PSOldGen::resize(unsigned long)+0x1cb
V  [libjvm.so+0x98c9b1]  PSParallelCompact::invoke_no_policy(bool)+0x991
V  [libjvm.so+0x99230d]  PSScavenge::invoke()+0x1ad
V  [libjvm.so+0x948f00]  ParallelScavengeHeap::failed_mem_allocate(unsigned long)+0x70
V  [libjvm.so+0xac9c87]  VM_ParallelGCFailedAllocation::doit()+0x97
V  [libjvm.so+0xad1765]  VM_Operation::evaluate()+0x55
V  [libjvm.so+0xacfb3a]  VMThread::evaluate_operation(VM_Operation*)+0xba
V  [libjvm.so+0xacfebe]  VMThread::loop()+0x1ce
V  [libjvm.so+0xad0330]  VMThread::run()+0x70
V  [libjvm.so+0x927568]  java_start(Thread*)+0x108

VM_Operation (0x00007efd6d038250): ParallelGCFailedAllocation, mode: safepoint, requested by thread 0x00007efd64009800


---------------  P R O C E S S  ---------------

Java Threads: ( => current thread )
  0x00007efd640c8000 JavaThread "Service Thread" daemon [_thread_blocked, id=12016, stack(0x00007efd46e19000,0x00007efd46f1a000)]
  0x00007efd640bc800 JavaThread "C1 CompilerThread2" daemon [_thread_blocked, id=12015, stack(0x00007efd46f1a000,0x00007efd4701b000)]
  0x00007efd640bb000 JavaThread "C2 CompilerThread1" daemon [_thread_blocked, id=12014, stack(0x00007efd4701b000,0x00007efd4711c000)]
  0x00007efd640b8000 JavaThread "C2 CompilerThread0" daemon [_thread_blocked, id=12013, stack(0x00007efd4711c000,0x00007efd4721d000)]
  0x00007efd640b6800 JavaThread "Signal Dispatcher" daemon [_thread_blocked, id=12012, stack(0x00007efd4721d000,0x00007efd4731e000)]
  0x00007efd64083800 JavaThread "Finalizer" daemon [_thread_blocked, id=12011, stack(0x00007efd475f6000,0x00007efd476f7000)]
  0x00007efd6407f000 JavaThread "Reference Handler" daemon [_thread_blocked, id=12010, stack(0x00007efd476f7000,0x00007efd477f8000)]
  0x00007efd64009800 JavaThread "main" [_thread_blocked, id=12004, stack(0x00007efd6cf39000,0x00007efd6d03a000)]

Other Threads:
=>0x00007efd64077800 VMThread [stack: 0x00007efd477f8000,0x00007efd478f9000] [id=12009]
  0x00007efd640ca800 WatcherThread [stack: 0x00007efd46d18000,0x00007efd46e19000] [id=12017]

VM state:at safepoint (normal execution)

VM Mutex/Monitor currently owned by a thread:  ([mutex/lock_event])
[0x00007efd64005870] ExpandHeap_lock - owner thread: 0x00007efd64077800
[0x00007efd64005ef0] Threads_lock - owner thread: 0x00007efd64077800
[0x00007efd640063f0] Heap_lock - owner thread: 0x00007efd64009800

Heap:
 PSYoungGen      total 785920K, used 192498K [0x000000076bb00000, 0x00000007c0000000, 0x00000007c0000000)
  eden space 577536K, 0% used [0x000000076bb00000,0x000000076bb00000,0x000000078ef00000)
  from space 208384K, 92% used [0x00000007b0080000,0x00000007bbc7cb40,0x00000007bcc00000)
  to   space 401920K, 0% used [0x000000078ef00000,0x000000078ef00000,0x00000007a7780000)
 ParOldGen       total 662016K, used 661794K [0x00000006c3000000, 0x00000006eb680000, 0x000000076bb00000)
  object space 662016K, 99% used [0x00000006c3000000,0x00000006eb648bb0,0x00000006eb680000)
 Metaspace       used 6841K, capacity 7058K, committed 7296K, reserved 1056768K
  class space    used 740K, capacity 839K, committed 896K, reserved 1048576K

Card table byte_map: [0x00007efd694f6000,0x00007efd69cdf000] byte_map_base: 0x00007efd65ede000

Marking Bits: (ParMarkBitMap*) 0x00007efd6c40af60
 Begin Bits: [0x00007efd38180000, 0x00007efd3c0c0000)
 End Bits:   [0x00007efd3c0c0000, 0x00007efd40000000)

Polling page: 0x00007efd6d05a000

CodeCache: size=245760Kb used=5774Kb max_used=5786Kb free=239985Kb
 bounds [0x00007efd55000000, 0x00007efd555b0000, 0x00007efd64000000]
 total_blobs=1317 nmethods=1017 adapters=214
 compilation: enabled

Compilation events (10 events):
Event: 20.499 Thread 0x00007efd640bc800 1022 %     3       edu.stanford.nlp.ie.crf.CRFLogConditionalObjectiveFunction::empty2D @ 11 (56 bytes)
Event: 20.499 Thread 0x00007efd640bc800 nmethod 1022% 0x00007efd5558f2d0 code [0x00007efd5558f4a0, 0x00007efd5558fc38]
Event: 20.500 Thread 0x00007efd640bc800 1023       3       edu.stanford.nlp.ie.crf.CRFLogConditionalObjectiveFunction::empty2D (56 bytes)
Event: 20.500 Thread 0x00007efd640bc800 nmethod 1023 0x00007efd5558e790 code [0x00007efd5558e940, 0x00007efd5558f078]
Event: 20.501 Thread 0x00007efd640b8000 1024 %     4       edu.stanford.nlp.ie.crf.CRFLogConditionalObjectiveFunction::empty2D @ 11 (56 bytes)
Event: 20.508 Thread 0x00007efd640b8000 nmethod 1024% 0x00007efd5559c410 code [0x00007efd5559c5a0, 0x00007efd5559c958]
Event: 20.545 Thread 0x00007efd640bb000 1025 %     4       edu.stanford.nlp.ie.crf.CRFLogConditionalObjectiveFunction::empty2D @ 11 (56 bytes)
Event: 20.554 Thread 0x00007efd640bb000 nmethod 1025% 0x00007efd5558d9d0 code [0x00007efd5558db80, 0x00007efd5558e318]
Event: 20.554 Thread 0x00007efd640b8000 1026       4       edu.stanford.nlp.ie.crf.CRFLogConditionalObjectiveFunction::empty2D (56 bytes)
Event: 20.559 Thread 0x00007efd640b8000 nmethod 1026 0x00007efd555a9450 code [0x00007efd555a95c0, 0x00007efd555a99f8]

GC Heap History (10 events):
Event: 16.716 GC heap after
Heap after GC invocations=33 (full 3):
 PSYoungGen      total 942592K, used 127163K [0x000000076bb00000, 0x00000007b0b80000, 0x00000007c0000000)
  eden space 774144K, 0% used [0x000000076bb00000,0x000000076bb00000,0x000000079af00000)
  from space 168448K, 75% used [0x00000007a5980000,0x00000007ad5aeed8,0x00000007afe00000)
  to   space 174592K, 0% used [0x000000079af00000,0x000000079af00000,0x00000007a5980000)
 ParOldGen       total 323072K, used 204387K [0x00000006c3000000, 0x00000006d6b80000, 0x000000076bb00000)
  object space 323072K, 63% used [0x00000006c3000000,0x00000006cf798e68,0x00000006d6b80000)
 Metaspace       used 6772K, capacity 6962K, committed 7296K, reserved 1056768K
  class space    used 731K, capacity 807K, committed 896K, reserved 1048576K
}
Event: 17.680 GC heap before
{Heap before GC invocations=34 (full 3):
 PSYoungGen      total 942592K, used 901307K [0x000000076bb00000, 0x00000007b0b80000, 0x00000007c0000000)
  eden space 774144K, 100% used [0x000000076bb00000,0x000000079af00000,0x000000079af00000)
  from space 168448K, 75% used [0x00000007a5980000,0x00000007ad5aeed8,0x00000007afe00000)
  to   space 174592K, 0% used [0x000000079af00000,0x000000079af00000,0x00000007a5980000)
 ParOldGen       total 323072K, used 204387K [0x00000006c3000000, 0x00000006d6b80000, 0x000000076bb00000)
  object space 323072K, 63% used [0x00000006c3000000,0x00000006cf798e68,0x00000006d6b80000)
 Metaspace       used 6772K, capacity 6962K, committed 7296K, reserved 1056768K
  class space    used 731K, capacity 807K, committed 896K, reserved 1048576K
Event: 17.759 GC heap after
Heap after GC invocations=34 (full 3):
 PSYoungGen      total 948736K, used 139387K [0x000000076bb00000, 0x00000007b6200000, 0x00000007c0000000)
  eden space 774144K, 0% used [0x000000076bb00000,0x000000076bb00000,0x000000079af00000)
  from space 174592K, 79% used [0x000000079af00000,0x00000007a371eed8,0x00000007a5980000)
  to   space 183296K, 0% used [0x00000007aaf00000,0x00000007aaf00000,0x00000007b6200000)
 ParOldGen       total 323072K, used 206363K [0x00000006c3000000, 0x00000006d6b80000, 0x000000076bb00000)
  object space 323072K, 63% used [0x00000006c3000000,0x00000006cf986e68,0x00000006d6b80000)
 Metaspace       used 6772K, capacity 6962K, committed 7296K, reserved 1056768K
  class space    used 731K, capacity 807K, committed 896K, reserved 1048576K
}
Event: 18.721 GC heap before
{Heap before GC invocations=35 (full 3):
 PSYoungGen      total 948736K, used 913531K [0x000000076bb00000, 0x00000007b6200000, 0x00000007c0000000)
  eden space 774144K, 100% used [0x000000076bb00000,0x000000079af00000,0x000000079af00000)
  from space 174592K, 79% used [0x000000079af00000,0x00000007a371eed8,0x00000007a5980000)
  to   space 183296K, 0% used [0x00000007aaf00000,0x00000007aaf00000,0x00000007b6200000)
 ParOldGen       total 323072K, used 206363K [0x00000006c3000000, 0x00000006d6b80000, 0x000000076bb00000)
  object space 323072K, 63% used [0x00000006c3000000,0x00000006cf986e68,0x00000006d6b80000)
 Metaspace       used 6772K, capacity 6962K, committed 7296K, reserved 1056768K
  class space    used 731K, capacity 807K, committed 896K, reserved 1048576K
Event: 18.847 GC heap after
Heap after GC invocations=35 (full 3):
 PSYoungGen      total 1025024K, used 151282K [0x000000076bb00000, 0x00000007b7a00000, 0x00000007c0000000)
  eden space 841728K, 0% used [0x000000076bb00000,0x000000076bb00000,0x000000079f100000)
  from space 183296K, 82% used [0x00000007aaf00000,0x00000007b42bca68,0x00000007b6200000)
  to   space 194560K, 0% used [0x000000079f100000,0x000000079f100000,0x00000007aaf00000)
 ParOldGen       total 323072K, used 208619K [0x00000006c3000000, 0x00000006d6b80000, 0x000000076bb00000)
  object space 323072K, 64% used [0x00000006c3000000,0x00000006cfbbae68,0x00000006d6b80000)
 Metaspace       used 6772K, capacity 6962K, committed 7296K, reserved 1056768K
  class space    used 731K, capacity 807K, committed 896K, reserved 1048576K
}
Event: 19.902 GC heap before
{Heap before GC invocations=36 (full 3):
 PSYoungGen      total 1025024K, used 993010K [0x000000076bb00000, 0x00000007b7a00000, 0x00000007c0000000)
  eden space 841728K, 100% used [0x000000076bb00000,0x000000079f100000,0x000000079f100000)
  from space 183296K, 82% used [0x00000007aaf00000,0x00000007b42bca68,0x00000007b6200000)
  to   space 194560K, 0% used [0x000000079f100000,0x000000079f100000,0x00000007aaf00000)
 ParOldGen       total 323072K, used 208619K [0x00000006c3000000, 0x00000006d6b80000, 0x000000076bb00000)
  object space 323072K, 64% used [0x00000006c3000000,0x00000006cfbbae68,0x00000006d6b80000)
 Metaspace       used 6772K, capacity 6962K, committed 7296K, reserved 1056768K
  class space    used 731K, capacity 807K, committed 896K, reserved 1048576K
Event: 19.985 GC heap after
Heap after GC invocations=36 (full 3):
 PSYoungGen      total 1036288K, used 164498K [0x000000076bb00000, 0x00000007bcc00000, 0x00000007c0000000)
  eden space 841728K, 0% used [0x000000076bb00000,0x000000076bb00000,0x000000079f100000)
  from space 194560K, 84% used [0x000000079f100000,0x00000007a91a4a68,0x00000007aaf00000)
  to   space 208384K, 0% used [0x00000007b0080000,0x00000007b0080000,0x00000007bcc00000)
 ParOldGen       total 323072K, used 210883K [0x00000006c3000000, 0x00000006d6b80000, 0x000000076bb00000)
  object space 323072K, 65% used [0x00000006c3000000,0x00000006cfdf0e68,0x00000006d6b80000)
 Metaspace       used 6772K, capacity 6962K, committed 7296K, reserved 1056768K
  class space    used 731K, capacity 807K, committed 896K, reserved 1048576K
}
Event: 20.586 GC heap before
{Heap before GC invocations=37 (full 3):
 PSYoungGen      total 1036288K, used 1006226K [0x000000076bb00000, 0x00000007bcc00000, 0x00000007c0000000)
  eden space 841728K, 100% used [0x000000076bb00000,0x000000079f100000,0x000000079f100000)
  from space 194560K, 84% used [0x000000079f100000,0x00000007a91a4a68,0x00000007aaf00000)
  to   space 208384K, 0% used [0x00000007b0080000,0x00000007b0080000,0x00000007bcc00000)
 ParOldGen       total 323072K, used 210883K [0x00000006c3000000, 0x00000006d6b80000, 0x000000076bb00000)
  object space 323072K, 65% used [0x00000006c3000000,0x00000006cfdf0e68,0x00000006d6b80000)
 Metaspace       used 6841K, capacity 7058K, committed 7296K, reserved 1056768K
  class space    used 740K, capacity 839K, committed 896K, reserved 1048576K
Event: 20.947 GC heap after
Heap after GC invocations=37 (full 3):
 PSYoungGen      total 785920K, used 208383K [0x000000076bb00000, 0x00000007c0000000, 0x00000007c0000000)
  eden space 577536K, 0% used [0x000000076bb00000,0x000000076bb00000,0x000000078ef00000)
  from space 208384K, 99% used [0x00000007b0080000,0x00000007bcbffce8,0x00000007bcc00000)
  to   space 401920K, 0% used [0x000000078ef00000,0x000000078ef00000,0x00000007a7780000)
 ParOldGen       total 662016K, used 661330K [0x00000006c3000000, 0x00000006eb680000, 0x000000076bb00000)
  object space 662016K, 99% used [0x00000006c3000000,0x00000006eb5d4988,0x00000006eb680000)
 Metaspace       used 6841K, capacity 7058K, committed 7296K, reserved 1056768K
  class space    used 740K, capacity 839K, committed 896K, reserved 1048576K
}
Event: 20.947 GC heap before
{Heap before GC invocations=38 (full 4):
 PSYoungGen      total 785920K, used 208383K [0x000000076bb00000, 0x00000007c0000000, 0x00000007c0000000)
  eden space 577536K, 0% used [0x000000076bb00000,0x000000076bb00000,0x000000078ef00000)
  from space 208384K, 99% used [0x00000007b0080000,0x00000007bcbffce8,0x00000007bcc00000)
  to   space 401920K, 0% used [0x000000078ef00000,0x000000078ef00000,0x00000007a7780000)
 ParOldGen       total 662016K, used 661330K [0x00000006c3000000, 0x00000006eb680000, 0x000000076bb00000)
  object space 662016K, 99% used [0x00000006c3000000,0x00000006eb5d4988,0x00000006eb680000)
 Metaspace       used 6841K, capacity 7058K, committed 7296K, reserved 1056768K
  class space    used 740K, capacity 839K, committed 896K, reserved 1048576K

Deoptimization events (10 events):
Event: 11.435 Thread 0x00007efd64009800 Uncommon trap: reason=unstable_if action=reinterpret pc=0x00007efd554a48ac method=edu.stanford.nlp.util.HashIndex.addAll(Ljava/util/Collection;)Z @ 15
Event: 11.435 Thread 0x00007efd64009800 Uncommon trap: reason=unstable_if action=reinterpret pc=0x00007efd554958f4 method=java.util.HashMap.keySet()Ljava/util/Set; @ 6
Event: 11.435 Thread 0x00007efd64009800 Uncommon trap: reason=unstable_if action=reinterpret pc=0x00007efd55499a1c method=java.util.HashMap.getNode(ILjava/lang/Object;)Ljava/util/HashMap$Node; @ 129
Event: 11.484 Thread 0x00007efd64009800 Uncommon trap: reason=unstable_if action=reinterpret pc=0x00007efd55569dac method=edu.stanford.nlp.ie.crf.CRFClassifier.makeAnswerArraysAndTagIndex(Ljava/util/Collection;)V @ 1483
Event: 11.484 Thread 0x00007efd64009800 Uncommon trap: reason=class_check action=maybe_recompile pc=0x00007efd554930e0 method=sun.reflect.DelegatingConstructorAccessorImpl.newInstance([Ljava/lang/Object;)Ljava/lang/Object; @ 5
Event: 11.512 Thread 0x00007efd64009800 Uncommon trap: reason=unstable_if action=reinterpret pc=0x00007efd55541f40 method=java.util.HashMap.getNode(ILjava/lang/Object;)Ljava/util/HashMap$Node; @ 84
Event: 11.512 Thread 0x00007efd64009800 Uncommon trap: reason=unstable_if action=reinterpret pc=0x00007efd5549fd20 method=java.util.HashMap.getNode(ILjava/lang/Object;)Ljava/util/HashMap$Node; @ 84
Event: 11.560 Thread 0x00007efd64009800 Uncommon trap: reason=class_check action=maybe_recompile pc=0x00007efd554930e0 method=sun.reflect.DelegatingConstructorAccessorImpl.newInstance([Ljava/lang/Object;)Ljava/lang/Object; @ 5
Event: 11.560 Thread 0x00007efd64009800 Uncommon trap: reason=class_check action=maybe_recompile pc=0x00007efd5548ca8c method=sun.reflect.DelegatingConstructorAccessorImpl.newInstance([Ljava/lang/Object;)Ljava/lang/Object; @ 5
Event: 20.543 Thread 0x00007efd64009800 Uncommon trap: reason=unstable_if action=reinterpret pc=0x00007efd5559c86c method=edu.stanford.nlp.ie.crf.CRFLogConditionalObjectiveFunction.empty2D()[[D @ 17

Internal exceptions (10 events):
Event: 0.406 Thread 0x00007efd64009800 Exception <a 'java/lang/NoSuchFieldError': method resolution failed> (0x000000076be36c48) thrown at [/HUDSON/workspace/8-2-build-linux-amd64/jdk8u131/8869/hotspot/src/share/vm/prims/methodHandles.cpp, line 1146]
Event: 0.588 Thread 0x00007efd64009800 Exception <a 'java/security/PrivilegedActionException'> (0x000000076bfbfa80) thrown at [/HUDSON/workspace/8-2-build-linux-amd64/jdk8u131/8869/hotspot/src/share/vm/prims/jvm.cpp, line 1390]
Event: 0.588 Thread 0x00007efd64009800 Exception <a 'java/security/PrivilegedActionException'> (0x000000076bfbfe78) thrown at [/HUDSON/workspace/8-2-build-linux-amd64/jdk8u131/8869/hotspot/src/share/vm/prims/jvm.cpp, line 1390]
Event: 0.589 Thread 0x00007efd64009800 Exception <a 'java/security/PrivilegedActionException'> (0x000000076bfc24c8) thrown at [/HUDSON/workspace/8-2-build-linux-amd64/jdk8u131/8869/hotspot/src/share/vm/prims/jvm.cpp, line 1390]
Event: 0.589 Thread 0x00007efd64009800 Exception <a 'java/security/PrivilegedActionException'> (0x000000076bfc28c0) thrown at [/HUDSON/workspace/8-2-build-linux-amd64/jdk8u131/8869/hotspot/src/share/vm/prims/jvm.cpp, line 1390]
Event: 0.948 Thread 0x00007efd64009800 Implicit null exception at 0x00007efd551ff23f to 0x00007efd551ff92d
Event: 3.129 Thread 0x00007efd64009800 Implicit null exception at 0x00007efd551e4ef5 to 0x00007efd551e52ad
Event: 3.132 Thread 0x00007efd64009800 Implicit null exception at 0x00007efd551c8176 to 0x00007efd551c8555
Event: 11.435 Thread 0x00007efd64009800 Implicit null exception at 0x00007efd554a4627 to 0x00007efd554a4881
Event: 11.484 Thread 0x00007efd64009800 Implicit null exception at 0x00007efd555696c1 to 0x00007efd55569d79

Events (10 events):
Event: 20.485 loading class edu/stanford/nlp/ie/crf/CRFLogConditionalObjectiveFunction$ExpectationThreadsafeProcessor
Event: 20.485 loading class edu/stanford/nlp/ie/crf/CRFLogConditionalObjectiveFunction$ExpectationThreadsafeProcessor done
Event: 20.508 Thread 0x00007efd64009800 DEOPT PACKING pc=0x00007efd5558fb30 sp=0x00007efd6d0383b0
Event: 20.509 Thread 0x00007efd64009800 DEOPT UNPACKING pc=0x00007efd55047633 sp=0x00007efd6d038120 mode 0
Event: 20.543 Thread 0x00007efd64009800 Uncommon trap: trap_request=0xffffff65 fr.pc=0x00007efd5559c86c
Event: 20.543 Thread 0x00007efd64009800 DEOPT PACKING pc=0x00007efd5559c86c sp=0x00007efd6d0383b0
Event: 20.543 Thread 0x00007efd64009800 DEOPT UNPACKING pc=0x00007efd55005229 sp=0x00007efd6d0383a0 mode 2
Event: 20.554 Thread 0x00007efd64009800 DEOPT PACKING pc=0x00007efd5558ef66 sp=0x00007efd6d0383b0
Event: 20.554 Thread 0x00007efd64009800 DEOPT UNPACKING pc=0x00007efd55047633 sp=0x00007efd6d038110 mode 0
Event: 20.586 Executing VM operation: ParallelGCFailedAllocation


Dynamic libraries:
00400000-00401000 r-xp 00000000 08:03 26486912                           /usr/lib/jvm/java-8-oracle/jre/bin/java
00600000-00601000 rw-p 00000000 08:03 26486912                           /usr/lib/jvm/java-8-oracle/jre/bin/java
00a87000-00aa8000 rw-p 00000000 00:00 0                                  [heap]
6c3000000-6eb680000 rw-p 00000000 00:00 0 
6fe900000-76bb00000 ---p 00000000 00:00 0 
76bb00000-7c0000000 rw-p 00000000 00:00 0 
7c0000000-7c00e0000 rw-p 00000000 00:00 0 
7c00e0000-800000000 ---p 00000000 00:00 0 
7efd14000000-7efd14021000 rw-p 00000000 00:00 0 
7efd14021000-7efd18000000 ---p 00000000 00:00 0 
7efd18000000-7efd18021000 rw-p 00000000 00:00 0 
7efd18021000-7efd1c000000 ---p 00000000 00:00 0 
7efd1c000000-7efd1d0e3000 rw-p 00000000 00:00 0 
7efd1d0e3000-7efd20000000 ---p 00000000 00:00 0 
7efd20000000-7efd20427000 rw-p 00000000 00:00 0 
7efd20427000-7efd24000000 ---p 00000000 00:00 0 
7efd24000000-7efd24021000 rw-p 00000000 00:00 0 
7efd24021000-7efd28000000 ---p 00000000 00:00 0 
7efd28000000-7efd290e2000 rw-p 00000000 00:00 0 
7efd290e2000-7efd2c000000 ---p 00000000 00:00 0 
7efd2c000000-7efd2c021000 rw-p 00000000 00:00 0 
7efd2c021000-7efd30000000 ---p 00000000 00:00 0 
7efd30000000-7efd30021000 rw-p 00000000 00:00 0 
7efd30021000-7efd34000000 ---p 00000000 00:00 0 
7efd34000000-7efd34290000 rw-p 00000000 00:00 0 
7efd34290000-7efd38000000 ---p 00000000 00:00 0 
7efd38180000-7efd40000000 rw-p 00000000 00:00 0 
7efd40000000-7efd4015b000 rw-p 00000000 00:00 0 
7efd4015b000-7efd44000000 ---p 00000000 00:00 0 
7efd46d18000-7efd46d19000 ---p 00000000 00:00 0 
7efd46d19000-7efd46e19000 rw-p 00000000 00:00 0 
7efd46e19000-7efd46e1c000 ---p 00000000 00:00 0 
7efd46e1c000-7efd46f1a000 rw-p 00000000 00:00 0 
7efd46f1a000-7efd46f1d000 ---p 00000000 00:00 0 
7efd46f1d000-7efd4701b000 rw-p 00000000 00:00 0 
7efd4701b000-7efd4701e000 ---p 00000000 00:00 0 
7efd4701e000-7efd4711c000 rw-p 00000000 00:00 0 
7efd4711c000-7efd4711f000 ---p 00000000 00:00 0 
7efd4711f000-7efd4721d000 rw-p 00000000 00:00 0 
7efd4721d000-7efd47220000 ---p 00000000 00:00 0 
7efd47220000-7efd4731e000 rw-p 00000000 00:00 0 
7efd4731e000-7efd475f6000 r--p 00000000 08:03 25953773                   /usr/lib/locale/locale-archive
7efd475f6000-7efd475f9000 ---p 00000000 00:00 0 
7efd475f9000-7efd476f7000 rw-p 00000000 00:00 0 
7efd476f7000-7efd476fa000 ---p 00000000 00:00 0 
7efd476fa000-7efd477f8000 rw-p 00000000 00:00 0 
7efd477f8000-7efd477f9000 ---p 00000000 00:00 0 
7efd477f9000-7efd48000000 rw-p 00000000 00:00 0 
7efd48000000-7efd480fd000 rw-p 00000000 00:00 0 
7efd480fd000-7efd4c000000 ---p 00000000 00:00 0 
7efd4c000000-7efd4c194000 rw-p 00000000 00:00 0 
7efd4c194000-7efd50000000 ---p 00000000 00:00 0 
7efd50000000-7efd501cf000 rw-p 00000000 00:00 0 
7efd501cf000-7efd54000000 ---p 00000000 00:00 0 
7efd54042000-7efd54075000 r--s 0043d000 08:03 11929958                   /home/glerin/workspace/works/java/nlp/stanford-ner-2016-10-31/stanford-ner-3.7.0.jar
7efd54075000-7efd54e40000 rw-p 00000000 00:00 0 
7efd54e40000-7efd55000000 ---p 00000000 00:00 0 
7efd55000000-7efd555b0000 rwxp 00000000 00:00 0 
7efd555b0000-7efd64000000 ---p 00000000 00:00 0 
7efd64000000-7efd6440c000 rw-p 00000000 00:00 0 
7efd6440c000-7efd68000000 ---p 00000000 00:00 0 
7efd68004000-7efd68175000 rw-p 00000000 00:00 0 
7efd68175000-7efd6834e000 r--s 03d40000 08:03 26486971                   /usr/lib/jvm/java-8-oracle/jre/lib/rt.jar
7efd6834e000-7efd68bac000 rw-p 00000000 00:00 0 
7efd68bac000-7efd68bad000 ---p 00000000 00:00 0 
7efd68bad000-7efd68cad000 rw-p 00000000 00:00 0 
7efd68cad000-7efd68cae000 ---p 00000000 00:00 0 
7efd68cae000-7efd68dae000 rw-p 00000000 00:00 0 
7efd68dae000-7efd68daf000 ---p 00000000 00:00 0 
7efd68daf000-7efd68eaf000 rw-p 00000000 00:00 0 
7efd68eaf000-7efd68eb0000 ---p 00000000 00:00 0 
7efd68eb0000-7efd690f4000 rw-p 00000000 00:00 0 
7efd690f4000-7efd694f6000 ---p 00000000 00:00 0 
7efd694f6000-7efd6963a000 rw-p 00000000 00:00 0 
7efd6963a000-7efd69a3b000 ---p 00000000 00:00 0 
7efd69a3b000-7efd69cde000 rw-p 00000000 00:00 0 
7efd69cde000-7efd69cf6000 rw-p 00000000 00:00 0 
7efd69cf6000-7efd6a09f000 ---p 00000000 00:00 0 
7efd6a09f000-7efd6a0b9000 r-xp 00000000 08:03 26611009                   /usr/lib/jvm/java-8-oracle/jre/lib/amd64/libzip.so
7efd6a0b9000-7efd6a2b9000 ---p 0001a000 08:03 26611009                   /usr/lib/jvm/java-8-oracle/jre/lib/amd64/libzip.so
7efd6a2b9000-7efd6a2ba000 rw-p 0001a000 08:03 26611009                   /usr/lib/jvm/java-8-oracle/jre/lib/amd64/libzip.so
7efd6a2ba000-7efd6a2c5000 r-xp 00000000 08:03 9966761                    /lib/x86_64-linux-gnu/libnss_files-2.23.so
7efd6a2c5000-7efd6a4c4000 ---p 0000b000 08:03 9966761                    /lib/x86_64-linux-gnu/libnss_files-2.23.so
7efd6a4c4000-7efd6a4c5000 r--p 0000a000 08:03 9966761                    /lib/x86_64-linux-gnu/libnss_files-2.23.so
7efd6a4c5000-7efd6a4c6000 rw-p 0000b000 08:03 9966761                    /lib/x86_64-linux-gnu/libnss_files-2.23.so
7efd6a4c6000-7efd6a4cc000 rw-p 00000000 00:00 0 
7efd6a4cc000-7efd6a4d7000 r-xp 00000000 08:03 9966754                    /lib/x86_64-linux-gnu/libnss_nis-2.23.so
7efd6a4d7000-7efd6a6d6000 ---p 0000b000 08:03 9966754                    /lib/x86_64-linux-gnu/libnss_nis-2.23.so
7efd6a6d6000-7efd6a6d7000 r--p 0000a000 08:03 9966754                    /lib/x86_64-linux-gnu/libnss_nis-2.23.so
7efd6a6d7000-7efd6a6d8000 rw-p 0000b000 08:03 9966754                    /lib/x86_64-linux-gnu/libnss_nis-2.23.so
7efd6a6d8000-7efd6a6ee000 r-xp 00000000 08:03 9966756                    /lib/x86_64-linux-gnu/libnsl-2.23.so
7efd6a6ee000-7efd6a8ed000 ---p 00016000 08:03 9966756                    /lib/x86_64-linux-gnu/libnsl-2.23.so
7efd6a8ed000-7efd6a8ee000 r--p 00015000 08:03 9966756                    /lib/x86_64-linux-gnu/libnsl-2.23.so
7efd6a8ee000-7efd6a8ef000 rw-p 00016000 08:03 9966756                    /lib/x86_64-linux-gnu/libnsl-2.23.so
7efd6a8ef000-7efd6a8f1000 rw-p 00000000 00:00 0 
7efd6a8f1000-7efd6a8f9000 r-xp 00000000 08:03 9966763                    /lib/x86_64-linux-gnu/libnss_compat-2.23.so
7efd6a8f9000-7efd6aaf8000 ---p 00008000 08:03 9966763                    /lib/x86_64-linux-gnu/libnss_compat-2.23.so
7efd6aaf8000-7efd6aaf9000 r--p 00007000 08:03 9966763                    /lib/x86_64-linux-gnu/libnss_compat-2.23.so
7efd6aaf9000-7efd6aafa000 rw-p 00008000 08:03 9966763                    /lib/x86_64-linux-gnu/libnss_compat-2.23.so
7efd6aafa000-7efd6ab25000 r-xp 00000000 08:03 26611003                   /usr/lib/jvm/java-8-oracle/jre/lib/amd64/libjava.so
7efd6ab25000-7efd6ad24000 ---p 0002b000 08:03 26611003                   /usr/lib/jvm/java-8-oracle/jre/lib/amd64/libjava.so
7efd6ad24000-7efd6ad26000 rw-p 0002a000 08:03 26611003                   /usr/lib/jvm/java-8-oracle/jre/lib/amd64/libjava.so
7efd6ad26000-7efd6ad33000 r-xp 00000000 08:03 26611008                   /usr/lib/jvm/java-8-oracle/jre/lib/amd64/libverify.so
7efd6ad33000-7efd6af32000 ---p 0000d000 08:03 26611008                   /usr/lib/jvm/java-8-oracle/jre/lib/amd64/libverify.so
7efd6af32000-7efd6af34000 rw-p 0000c000 08:03 26611008                   /usr/lib/jvm/java-8-oracle/jre/lib/amd64/libverify.so
7efd6af34000-7efd6af3b000 r-xp 00000000 08:03 9966764                    /lib/x86_64-linux-gnu/librt-2.23.so
7efd6af3b000-7efd6b13a000 ---p 00007000 08:03 9966764                    /lib/x86_64-linux-gnu/librt-2.23.so
7efd6b13a000-7efd6b13b000 r--p 00006000 08:03 9966764                    /lib/x86_64-linux-gnu/librt-2.23.so
7efd6b13b000-7efd6b13c000 rw-p 00007000 08:03 9966764                    /lib/x86_64-linux-gnu/librt-2.23.so
7efd6b13c000-7efd6b244000 r-xp 00000000 08:03 9966755                    /lib/x86_64-linux-gnu/libm-2.23.so
7efd6b244000-7efd6b443000 ---p 00108000 08:03 9966755                    /lib/x86_64-linux-gnu/libm-2.23.so
7efd6b443000-7efd6b444000 r--p 00107000 08:03 9966755                    /lib/x86_64-linux-gnu/libm-2.23.so
7efd6b444000-7efd6b445000 rw-p 00108000 08:03 9966755                    /lib/x86_64-linux-gnu/libm-2.23.so
7efd6b445000-7efd6c114000 r-xp 00000000 08:03 26610986                   /usr/lib/jvm/java-8-oracle/jre/lib/amd64/server/libjvm.so
7efd6c114000-7efd6c314000 ---p 00ccf000 08:03 26610986                   /usr/lib/jvm/java-8-oracle/jre/lib/amd64/server/libjvm.so
7efd6c314000-7efd6c3ed000 rw-p 00ccf000 08:03 26610986                   /usr/lib/jvm/java-8-oracle/jre/lib/amd64/server/libjvm.so
7efd6c3ed000-7efd6c438000 rw-p 00000000 00:00 0 
7efd6c438000-7efd6c5f7000 r-xp 00000000 08:03 9966757                    /lib/x86_64-linux-gnu/libc-2.23.so
7efd6c5f7000-7efd6c7f7000 ---p 001bf000 08:03 9966757                    /lib/x86_64-linux-gnu/libc-2.23.so
7efd6c7f7000-7efd6c7fb000 r--p 001bf000 08:03 9966757                    /lib/x86_64-linux-gnu/libc-2.23.so
7efd6c7fb000-7efd6c7fd000 rw-p 001c3000 08:03 9966757                    /lib/x86_64-linux-gnu/libc-2.23.so
7efd6c7fd000-7efd6c801000 rw-p 00000000 00:00 0 
7efd6c801000-7efd6c804000 r-xp 00000000 08:03 9966753                    /lib/x86_64-linux-gnu/libdl-2.23.so
7efd6c804000-7efd6ca03000 ---p 00003000 08:03 9966753                    /lib/x86_64-linux-gnu/libdl-2.23.so
7efd6ca03000-7efd6ca04000 r--p 00002000 08:03 9966753                    /lib/x86_64-linux-gnu/libdl-2.23.so
7efd6ca04000-7efd6ca05000 rw-p 00003000 08:03 9966753                    /lib/x86_64-linux-gnu/libdl-2.23.so
7efd6ca05000-7efd6ca1a000 r-xp 00000000 08:03 26610981                   /usr/lib/jvm/java-8-oracle/jre/lib/amd64/jli/libjli.so
7efd6ca1a000-7efd6cc1a000 ---p 00015000 08:03 26610981                   /usr/lib/jvm/java-8-oracle/jre/lib/amd64/jli/libjli.so
7efd6cc1a000-7efd6cc1b000 rw-p 00015000 08:03 26610981                   /usr/lib/jvm/java-8-oracle/jre/lib/amd64/jli/libjli.so
7efd6cc1b000-7efd6cc33000 r-xp 00000000 08:03 9966768                    /lib/x86_64-linux-gnu/libpthread-2.23.so
7efd6cc33000-7efd6ce32000 ---p 00018000 08:03 9966768                    /lib/x86_64-linux-gnu/libpthread-2.23.so
7efd6ce32000-7efd6ce33000 r--p 00017000 08:03 9966768                    /lib/x86_64-linux-gnu/libpthread-2.23.so
7efd6ce33000-7efd6ce34000 rw-p 00018000 08:03 9966768                    /lib/x86_64-linux-gnu/libpthread-2.23.so
7efd6ce34000-7efd6ce38000 rw-p 00000000 00:00 0 
7efd6ce38000-7efd6ce5e000 r-xp 00000000 08:03 9966758                    /lib/x86_64-linux-gnu/ld-2.23.so
7efd6ce66000-7efd6cf39000 rw-p 00000000 00:00 0 
7efd6cf39000-7efd6cf3c000 ---p 00000000 00:00 0 
7efd6cf3c000-7efd6d03e000 rw-p 00000000 00:00 0 
7efd6d051000-7efd6d059000 rw-s 00000000 08:03 29100496                   /tmp/hsperfdata_glerin/12003
7efd6d059000-7efd6d05a000 rw-p 00000000 00:00 0 
7efd6d05a000-7efd6d05b000 ---p 00000000 00:00 0 
7efd6d05b000-7efd6d05d000 rw-p 00000000 00:00 0 
7efd6d05d000-7efd6d05e000 r--p 00025000 08:03 9966758                    /lib/x86_64-linux-gnu/ld-2.23.so
7efd6d05e000-7efd6d05f000 rw-p 00026000 08:03 9966758                    /lib/x86_64-linux-gnu/ld-2.23.so
7efd6d05f000-7efd6d060000 rw-p 00000000 00:00 0 
7ffe21448000-7ffe21469000 rw-p 00000000 00:00 0                          [stack]
7ffe2147d000-7ffe2147f000 r--p 00000000 00:00 0                          [vvar]
7ffe2147f000-7ffe21481000 r-xp 00000000 00:00 0                          [vdso]
ffffffffff600000-ffffffffff601000 r-xp 00000000 00:00 0                  [vsyscall]

VM Arguments:
jvm_args: -Xmx4048m 
java_command: edu.stanford.nlp.ie.crf.CRFClassifier -prop models/stanford/data/nerprop.prop
java_class_path (initial): /home/glerin/workspace/works/java/nlp/stanford-ner-2016-10-31/stanford-ner-3.7.0.jar
Launcher Type: SUN_STANDARD

Environment Variables:
JAVA_HOME=/usr/lib/jvm/java-8-oracle
PATH=/home/glerin/bin:/home/glerin/.local/bin:/home/glerin/bin:/home/glerin/.local/bin:/usr/local/sbin:/usr/local/bin:/usr/sbin:/usr/bin:/sbin:/bin:/usr/games:/usr/local/games:/snap/bin:/snap/bin
LD_LIBRARY_PATH=/home/glerin/Documents/work/idea-IC-171.4249.39/bin:
SHELL=/bin/bash
DISPLAY=:0

Signal Handlers:
SIGSEGV: [libjvm.so+0xac8af0], sa_mask[0]=11111111011111111101111111111110, sa_flags=SA_RESTART|SA_SIGINFO
SIGBUS: [libjvm.so+0xac8af0], sa_mask[0]=11111111011111111101111111111110, sa_flags=SA_RESTART|SA_SIGINFO
SIGFPE: [libjvm.so+0x921dd0], sa_mask[0]=11111111011111111101111111111110, sa_flags=SA_RESTART|SA_SIGINFO
SIGPIPE: [libjvm.so+0x921dd0], sa_mask[0]=11111111011111111101111111111110, sa_flags=SA_RESTART|SA_SIGINFO
SIGXFSZ: [libjvm.so+0x921dd0], sa_mask[0]=11111111011111111101111111111110, sa_flags=SA_RESTART|SA_SIGINFO
SIGILL: [libjvm.so+0x921dd0], sa_mask[0]=11111111011111111101111111111110, sa_flags=SA_RESTART|SA_SIGINFO
SIGUSR1: SIG_DFL, sa_mask[0]=00000000000000000000000000000000, sa_flags=none
SIGUSR2: [libjvm.so+0x923610], sa_mask[0]=00100000000000000000000000000000, sa_flags=SA_RESTART|SA_SIGINFO
SIGHUP: [libjvm.so+0x924a10], sa_mask[0]=11111111011111111101111111111110, sa_flags=SA_RESTART|SA_SIGINFO
SIGINT: [libjvm.so+0x924a10], sa_mask[0]=11111111011111111101111111111110, sa_flags=SA_RESTART|SA_SIGINFO
SIGTERM: [libjvm.so+0x924a10], sa_mask[0]=11111111011111111101111111111110, sa_flags=SA_RESTART|SA_SIGINFO
SIGQUIT: [libjvm.so+0x924a10], sa_mask[0]=11111111011111111101111111111110, sa_flags=SA_RESTART|SA_SIGINFO


---------------  S Y S T E M  ---------------

OS:DISTRIB_ID=Ubuntu
DISTRIB_RELEASE=16.04
DISTRIB_CODENAME=xenial
DISTRIB_DESCRIPTION="Ubuntu 16.04.1 LTS"

uname:Linux 4.4.0-78-generic #99-Ubuntu SMP Thu Apr 27 15:29:09 UTC 2017 x86_64
libc:glibc 2.23 NPTL 2.23 
rlimit: STACK 8192k, CORE 0k, NPROC 31305, NOFILE 65536, AS infinity
load average:3.99 1.95 1.28

/proc/meminfo:
MemTotal:        8053148 kB
MemFree:          138676 kB
MemAvailable:      74972 kB
Buffers:            3396 kB
Cached:          1137984 kB
SwapCached:            0 kB
Active:          6580536 kB
Inactive:        1067776 kB
Active(anon):    6525104 kB
Inactive(anon):  1013868 kB
Active(file):      55432 kB
Inactive(file):    53908 kB
Unevictable:          48 kB
Mlocked:              48 kB
SwapTotal:             0 kB
SwapFree:              0 kB
Dirty:               168 kB
Writeback:             0 kB
AnonPages:       6506940 kB
Mapped:           689268 kB
Shmem:           1031944 kB
Slab:              93608 kB
SReclaimable:      43304 kB
SUnreclaim:        50304 kB
KernelStack:       15264 kB
PageTables:        73736 kB
NFS_Unstable:          0 kB
Bounce:                0 kB
WritebackTmp:          0 kB
CommitLimit:     4026572 kB
Committed_AS:   16385400 kB
VmallocTotal:   34359738367 kB
VmallocUsed:           0 kB
VmallocChunk:          0 kB
HardwareCorrupted:     0 kB
AnonHugePages:   3065856 kB
CmaTotal:              0 kB
CmaFree:               0 kB
HugePages_Total:       0
HugePages_Free:        0
HugePages_Rsvd:        0
HugePages_Surp:        0
Hugepagesize:       2048 kB
DirectMap4k:      226232 kB
DirectMap2M:     6991872 kB
DirectMap1G:     1048576 kB


CPU:total 4 (initial active 4) (2 cores per cpu, 2 threads per core) family 6 model 142 stepping 9, cmov, cx8, fxsr, mmx, sse, sse2, sse3, ssse3, sse4.1, sse4.2, popcnt, avx, avx2, aes, clmul, erms, 3dnowpref, lzcnt, ht, tsc, tscinvbit, bmi1, bmi2, adx

/proc/cpuinfo:
processor	: 0
vendor_id	: GenuineIntel
cpu family	: 6
model		: 142
model name	: Intel(R) Core(TM) i7-7500U CPU @ 2.70GHz
stepping	: 9
microcode	: 0x4e
cpu MHz		: 565.953
cache size	: 4096 KB
physical id	: 0
siblings	: 4
core id		: 0
cpu cores	: 2
apicid		: 0
initial apicid	: 0
fpu		: yes
fpu_exception	: yes
cpuid level	: 22
wp		: yes
flags		: fpu vme de pse tsc msr pae mce cx8 apic sep mtrr pge mca cmov pat pse36 clflush dts acpi mmx fxsr sse sse2 ss ht tm pbe syscall nx pdpe1gb rdtscp lm constant_tsc art arch_perfmon pebs bts rep_good nopl xtopology nonstop_tsc aperfmperf eagerfpu pni pclmulqdq dtes64 monitor ds_cpl vmx est tm2 ssse3 sdbg fma cx16 xtpr pdcm pcid sse4_1 sse4_2 x2apic movbe popcnt tsc_deadline_timer aes xsave avx f16c rdrand lahf_lm abm 3dnowprefetch epb intel_pt tpr_shadow vnmi flexpriority ept vpid fsgsbase tsc_adjust bmi1 avx2 smep bmi2 erms invpcid mpx rdseed adx smap clflushopt xsaveopt xsavec xgetbv1 dtherm ida arat pln pts hwp hwp_notify hwp_act_window hwp_epp
bugs		:
bogomips	: 5808.53
clflush size	: 64
cache_alignment	: 64
address sizes	: 39 bits physical, 48 bits virtual
power management:

processor	: 1
vendor_id	: GenuineIntel
cpu family	: 6
model		: 142
model name	: Intel(R) Core(TM) i7-7500U CPU @ 2.70GHz
stepping	: 9
microcode	: 0x4e
cpu MHz		: 534.687
cache size	: 4096 KB
physical id	: 0
siblings	: 4
core id		: 1
cpu cores	: 2
apicid		: 2
initial apicid	: 2
fpu		: yes
fpu_exception	: yes
cpuid level	: 22
wp		: yes
flags		: fpu vme de pse tsc msr pae mce cx8 apic sep mtrr pge mca cmov pat pse36 clflush dts acpi mmx fxsr sse sse2 ss ht tm pbe syscall nx pdpe1gb rdtscp lm constant_tsc art arch_perfmon pebs bts rep_good nopl xtopology nonstop_tsc aperfmperf eagerfpu pni pclmulqdq dtes64 monitor ds_cpl vmx est tm2 ssse3 sdbg fma cx16 xtpr pdcm pcid sse4_1 sse4_2 x2apic movbe popcnt tsc_deadline_timer aes xsave avx f16c rdrand lahf_lm abm 3dnowprefetch epb intel_pt tpr_shadow vnmi flexpriority ept vpid fsgsbase tsc_adjust bmi1 avx2 smep bmi2 erms invpcid mpx rdseed adx smap clflushopt xsaveopt xsavec xgetbv1 dtherm ida arat pln pts hwp hwp_notify hwp_act_window hwp_epp
bugs		:
bogomips	: 5808.53
clflush size	: 64
cache_alignment	: 64
address sizes	: 39 bits physical, 48 bits virtual
power management:

processor	: 2
vendor_id	: GenuineIntel
cpu family	: 6
model		: 142
model name	: Intel(R) Core(TM) i7-7500U CPU @ 2.70GHz
stepping	: 9
microcode	: 0x4e
cpu MHz		: 515.996
cache size	: 4096 KB
physical id	: 0
siblings	: 4
core id		: 0
cpu cores	: 2
apicid		: 1
initial apicid	: 1
fpu		: yes
fpu_exception	: yes
cpuid level	: 22
wp		: yes
flags		: fpu vme de pse tsc msr pae mce cx8 apic sep mtrr pge mca cmov pat pse36 clflush dts acpi mmx fxsr sse sse2 ss ht tm pbe syscall nx pdpe1gb rdtscp lm constant_tsc art arch_perfmon pebs bts rep_good nopl xtopology nonstop_tsc aperfmperf eagerfpu pni pclmulqdq dtes64 monitor ds_cpl vmx est tm2 ssse3 sdbg fma cx16 xtpr pdcm pcid sse4_1 sse4_2 x2apic movbe popcnt tsc_deadline_timer aes xsave avx f16c rdrand lahf_lm abm 3dnowprefetch epb intel_pt tpr_shadow vnmi flexpriority ept vpid fsgsbase tsc_adjust bmi1 avx2 smep bmi2 erms invpcid mpx rdseed adx smap clflushopt xsaveopt xsavec xgetbv1 dtherm ida arat pln pts hwp hwp_notify hwp_act_window hwp_epp
bugs		:
bogomips	: 5808.53
clflush size	: 64
cache_alignment	: 64
address sizes	: 39 bits physical, 48 bits virtual
power management:

processor	: 3
vendor_id	: GenuineIntel
cpu family	: 6
model		: 142
model name	: Intel(R) Core(TM) i7-7500U CPU @ 2.70GHz
stepping	: 9
microcode	: 0x4e
cpu MHz		: 707.101
cache size	: 4096 KB
physical id	: 0
siblings	: 4
core id		: 1
cpu cores	: 2
apicid		: 3
initial apicid	: 3
fpu		: yes
fpu_exception	: yes
cpuid level	: 22
wp		: yes
flags		: fpu vme de pse tsc msr pae mce cx8 apic sep mtrr pge mca cmov pat pse36 clflush dts acpi mmx fxsr sse sse2 ss ht tm pbe syscall nx pdpe1gb rdtscp lm constant_tsc art arch_perfmon pebs bts rep_good nopl xtopology nonstop_tsc aperfmperf eagerfpu pni pclmulqdq dtes64 monitor ds_cpl vmx est tm2 ssse3 sdbg fma cx16 xtpr pdcm pcid sse4_1 sse4_2 x2apic movbe popcnt tsc_deadline_timer aes xsave avx f16c rdrand lahf_lm abm 3dnowprefetch epb intel_pt tpr_shadow vnmi flexpriority ept vpid fsgsbase tsc_adjust bmi1 avx2 smep bmi2 erms invpcid mpx rdseed adx smap clflushopt xsaveopt xsavec xgetbv1 dtherm ida arat pln pts hwp hwp_notify hwp_act_window hwp_epp
bugs		:
bogomips	: 5808.53
clflush size	: 64
cache_alignment	: 64
address sizes	: 39 bits physical, 48 bits virtual
power management:



Memory: 4k page, physical 8053148k(138676k free), swap 0k(0k free)

vm_info: Java HotSpot(TM) 64-Bit Server VM (25.131-b11) for linux-amd64 JRE (1.8.0_131-b11), built on Mar 15 2017 01:23:40 by "java_re" with gcc 4.3.0 20080428 (Red Hat 4.3.0-8)

time: Fri Jun  2 14:26:24 2017
elapsed time: 30 seconds (0d 0h 0m 30s)

