2017-06-29 15:09:18 TermsExtractor [INFO] Using Stanford POS tagger..
2017-06-29 15:11:03 TermsExtractor [INFO] Using Stanford POS tagger..
2017-06-29 15:12:26 TermsExtractor [INFO] Using Stanford POS tagger..
2017-06-29 15:12:45 TermsExtractor [INFO] Using Stanford POS tagger..
2017-06-29 15:12:59 TermsExtractor [INFO] Using Stanford POS tagger..
2017-06-29 15:13:12 TermsExtractor [INFO] Using Stanford POS tagger..
2017-06-29 15:13:57 TermsExtractor [INFO] Using Stanford POS tagger..
2017-06-29 15:14:25 TermsExtractor [INFO] Using Stanford POS tagger..
2017-06-29 15:15:12 TermsExtractor [INFO] Using Stanford POS tagger..
2017-06-29 15:19:24 TermsExtractor [INFO] Using English Lexicon POS tagger..
2017-06-29 15:19:24 DefaultTagger [ERROR] java.io.FileNotFoundException: /models/default/english-lexicon.txt (No such file or directory)
java.io.FileNotFoundException: /models/default/english-lexicon.txt (No such file or directory)
	at java.io.FileInputStream.open0(Native Method)
	at java.io.FileInputStream.open(FileInputStream.java:195)
	at java.io.FileInputStream.<init>(FileInputStream.java:138)
	at java.io.FileInputStream.<init>(FileInputStream.java:93)
	at com.sree.textbytes.jtopia.tagger.LexiconTagger.initialize(LexiconTagger.java:35)
	at com.sree.textbytes.jtopia.TermsExtractor.performTermExtraction(TermsExtractor.java:37)
	at com.sree.textbytes.jtopia.TermsExtractor.extractTerms(TermsExtractor.java:21)
	at com.central.nlp.stanford.topia.ExtractTerms.extractTermsDefault(ExtractTerms.java:39)
	at com.central.nlp.stanford.topia.ExtractTerms.main(ExtractTerms.java:178)
	at sun.reflect.NativeMethodAccessorImpl.invoke0(Native Method)
	at sun.reflect.NativeMethodAccessorImpl.invoke(NativeMethodAccessorImpl.java:62)
	at sun.reflect.DelegatingMethodAccessorImpl.invoke(DelegatingMethodAccessorImpl.java:43)
	at java.lang.reflect.Method.invoke(Method.java:498)
	at com.intellij.rt.execution.application.AppMain.main(AppMain.java:140)
2017-06-29 15:20:08 TermsExtractor [INFO] Using English Lexicon POS tagger..
2017-06-29 15:20:08 DefaultTagger [ERROR] java.io.FileNotFoundException: /models/default/english-lexicon.txt (No such file or directory)
java.io.FileNotFoundException: /models/default/english-lexicon.txt (No such file or directory)
	at java.io.FileInputStream.open0(Native Method)
	at java.io.FileInputStream.open(FileInputStream.java:195)
	at java.io.FileInputStream.<init>(FileInputStream.java:138)
	at java.io.FileInputStream.<init>(FileInputStream.java:93)
	at com.sree.textbytes.jtopia.tagger.LexiconTagger.initialize(LexiconTagger.java:35)
	at com.sree.textbytes.jtopia.TermsExtractor.performTermExtraction(TermsExtractor.java:37)
	at com.sree.textbytes.jtopia.TermsExtractor.extractTerms(TermsExtractor.java:21)
	at com.central.nlp.stanford.topia.ExtractTerms.extractTermsDefault(ExtractTerms.java:39)
	at com.central.nlp.stanford.topia.ExtractTerms.main(ExtractTerms.java:178)
2017-06-29 15:20:35 TermsExtractor [INFO] Using English Lexicon POS tagger..
2017-06-29 15:20:36 DefaultTagger [ERROR] java.io.FileNotFoundException: /models/default/english-lexicon.txt (No such file or directory)
java.io.FileNotFoundException: /models/default/english-lexicon.txt (No such file or directory)
	at java.io.FileInputStream.open0(Native Method)
	at java.io.FileInputStream.open(FileInputStream.java:195)
	at java.io.FileInputStream.<init>(FileInputStream.java:138)
	at java.io.FileInputStream.<init>(FileInputStream.java:93)
	at com.sree.textbytes.jtopia.tagger.LexiconTagger.initialize(LexiconTagger.java:35)
	at com.sree.textbytes.jtopia.TermsExtractor.performTermExtraction(TermsExtractor.java:37)
	at com.sree.textbytes.jtopia.TermsExtractor.extractTerms(TermsExtractor.java:21)
	at com.central.nlp.stanford.topia.ExtractTerms.extractTermsDefault(ExtractTerms.java:39)
	at com.central.nlp.stanford.topia.ExtractTerms.main(ExtractTerms.java:178)
2017-06-29 15:21:08 TermsExtractor [INFO] Using English Lexicon POS tagger..
2017-06-29 15:22:59 TermsExtractor [INFO] Using Stanford POS tagger..
